<?xml version="1.0" encoding="UTF-8"?>
<testng-results ignored="0" total="1" passed="1" failed="0" skipped="0">
  <reporter-output>
  </reporter-output>
  <suite started-at="2023-01-09T23:58:27 IST" name="Default suite" finished-at="2023-01-09T23:59:24 IST" duration-ms="57059">
    <groups>
    </groups>
    <test started-at="2023-01-09T23:58:27 IST" name="Default test" finished-at="2023-01-09T23:59:24 IST" duration-ms="57059">
      <class name="Assert1.test5">
        <test-method signature="actitime()[pri:0, instance:Assert1.test5@4a22f9e2]" started-at="2023-01-09T23:58:27 IST" name="actitime" finished-at="2023-01-09T23:59:24 IST" duration-ms="57014" status="PASS">
          <reporter-output>
          </reporter-output>
        </test-method> <!-- actitime -->
      </class> <!-- Assert1.test5 -->
    </test> <!-- Default test -->
  </suite> <!-- Default suite -->
</testng-results>
